-------------------------------------------
Time: 2018-06-05 16:46:05
-------------------------------------------

-------------------------------------------
Time: 2018-06-05 16:46:05
-------------------------------------------

-------------------------------------------
Time: 2018-06-05 16:46:05
-------------------------------------------

-------------------------------------------
Time: 2018-06-05 16:46:05
-------------------------------------------

-------------------------------------------
Time: 2018-06-05 16:46:05
-------------------------------------------

-------------------------------------------
Time: 2018-06-05 16:46:05
-------------------------------------------

-------------------------------------------
Time: 2018-06-05 16:46:05
-------------------------------------------

===============================
Data Type: G-FORCE
Data List: []
Total = 0.0
Count = 0
Avg = 0.0
Max = 0.0
===============================
Data Type: ANGULAR-VELOCITY
Data List: []
Total = 0.0
Count = 0
Avg = 0.0
Max = 0.0
===============================
Data Type: BAROMETRIC PRESSURE
Data List: []
Total = 0.0
Count = 0
Avg = 0.0
Max = 0.0
-------------------------------------------
Time: 2018-06-05 16:46:10
-------------------------------------------

-------------------------------------------
Time: 2018-06-05 16:46:10
-------------------------------------------

-------------------------------------------
Time: 2018-06-05 16:46:10
-------------------------------------------

-------------------------------------------
Time: 2018-06-05 16:46:10
-------------------------------------------

-------------------------------------------
Time: 2018-06-05 16:46:10
-------------------------------------------

-------------------------------------------
Time: 2018-06-05 16:46:10
-------------------------------------------

-------------------------------------------
Time: 2018-06-05 16:46:10
-------------------------------------------

===============================
Data Type: G-FORCE
Data List: []
Total = 0.0
Count = 0
Avg = 0.0
Max = 0.0
===============================
Data Type: ANGULAR-VELOCITY
Data List: []
Total = 0.0
Count = 0
Avg = 0.0
Max = 0.0
===============================
Data Type: BAROMETRIC PRESSURE
Data List: []
Total = 0.0
Count = 0
Avg = 0.0
Max = 0.0
-------------------------------------------
Time: 2018-06-05 16:46:15
-------------------------------------------

-------------------------------------------
Time: 2018-06-05 16:46:15
-------------------------------------------

-------------------------------------------
Time: 2018-06-05 16:46:15
-------------------------------------------

-------------------------------------------
Time: 2018-06-05 16:46:15
-------------------------------------------

-------------------------------------------
Time: 2018-06-05 16:46:15
-------------------------------------------

-------------------------------------------
Time: 2018-06-05 16:46:15
-------------------------------------------

-------------------------------------------
Time: 2018-06-05 16:46:15
-------------------------------------------

===============================
Data Type: G-FORCE
Data List: []
Total = 0.0
Count = 0
Avg = 0.0
Max = 0.0
===============================
Data Type: ANGULAR-VELOCITY
Data List: []
Total = 0.0
Count = 0
Avg = 0.0
Max = 0.0
===============================
Data Type: BAROMETRIC PRESSURE
Data List: []
Total = 0.0
Count = 0
Avg = 0.0
Max = 0.0
-------------------------------------------
Time: 2018-06-05 16:46:20
-------------------------------------------

-------------------------------------------
Time: 2018-06-05 16:46:20
-------------------------------------------

-------------------------------------------
Time: 2018-06-05 16:46:20
-------------------------------------------

-------------------------------------------
Time: 2018-06-05 16:46:20
-------------------------------------------

-------------------------------------------
Time: 2018-06-05 16:46:20
-------------------------------------------

-------------------------------------------
Time: 2018-06-05 16:46:20
-------------------------------------------

-------------------------------------------
Time: 2018-06-05 16:46:20
-------------------------------------------

===============================
Data Type: G-FORCE
Data List: []
Total = 0.0
Count = 0
Avg = 0.0
Max = 0.0
===============================
Data Type: ANGULAR-VELOCITY
Data List: []
Total = 0.0
Count = 0
Avg = 0.0
Max = 0.0
===============================
Data Type: BAROMETRIC PRESSURE
Data List: []
Total = 0.0
Count = 0
Avg = 0.0
Max = 0.0
-------------------------------------------
Time: 2018-06-05 16:46:25
-------------------------------------------
"g-force":5.11,
"g-force":5.57,
"g-force":6.34,
"g-force":6.89,
"g-force":1.35,
"g-force":4.59,
"g-force":1.84,
"g-force":5.89,
"g-force":4.87,
"g-force":4.74,

-------------------------------------------
Time: 2018-06-05 16:46:25
-------------------------------------------
"angular-velocity":0.75,
"angular-velocity":0.55,
"angular-velocity":0.44,
"angular-velocity":0.27,
"angular-velocity":0.29,
"angular-velocity":0.98,
"angular-velocity":0.28,
"angular-velocity":0.57,
"angular-velocity":0.27,
"angular-velocity":0.29,

-------------------------------------------
Time: 2018-06-05 16:46:25
-------------------------------------------
"barometric-pressure":1023.25
"barometric-pressure":1007.31
"barometric-pressure":1008.38
"barometric-pressure":1160.77
"barometric-pressure":1171.42
"barometric-pressure":1166.17
"barometric-pressure":1055.41
"barometric-pressure":1049.55
"barometric-pressure":1001.20
"barometric-pressure":1196.96

-------------------------------------------
Time: 2018-06-05 16:46:25
-------------------------------------------
Total Count of Msgs: 10

-------------------------------------------
Time: 2018-06-05 16:46:25
-------------------------------------------
1.35
1.84
4.59
4.74
4.87
5.11
5.57
5.89
6.34
6.89

-------------------------------------------
Time: 2018-06-05 16:46:25
-------------------------------------------
0.27
0.27
0.28
0.29
0.29
0.44
0.55
0.57
0.75
0.98

-------------------------------------------
Time: 2018-06-05 16:46:25
-------------------------------------------
1001.20
1007.31
1008.38
1023.25
1049.55
1055.41
1160.77
1166.17
1171.42
1196.96

===============================
Data Type: G-FORCE
Data List: [u'5.11', u'5.57', u'6.34', u'6.89', u'1.35', u'4.59', u'1.84', u'5.89', u'4.87', u'4.74']
Total = 47.19
Count = 10
Avg = 4.719
Max = 6.89
===============================
Data Type: ANGULAR-VELOCITY
Data List: [u'0.75', u'0.55', u'0.44', u'0.27', u'0.29', u'0.98', u'0.28', u'0.57', u'0.27', u'0.29']
Total = 4.69
Count = 10
Avg = 0.469
Max = 0.98
===============================
Data Type: BAROMETRIC PRESSURE
Data List: [u'1023.25', u'1007.31', u'1008.38', u'1160.77', u'1171.42', u'1166.17', u'1055.41', u'1049.55', u'1001.20', u'1196.96']
Total = 10840.42
Count = 10
Avg = 1084.042
Max = 1196.96
-------------------------------------------
Time: 2018-06-05 16:46:30
-------------------------------------------

-------------------------------------------
Time: 2018-06-05 16:46:30
-------------------------------------------

-------------------------------------------
Time: 2018-06-05 16:46:30
-------------------------------------------

-------------------------------------------
Time: 2018-06-05 16:46:30
-------------------------------------------

-------------------------------------------
Time: 2018-06-05 16:46:30
-------------------------------------------

-------------------------------------------
Time: 2018-06-05 16:46:30
-------------------------------------------

-------------------------------------------
Time: 2018-06-05 16:46:30
-------------------------------------------

===============================
Data Type: G-FORCE
Data List: []
Total = 47.19
Count = 10
Avg = 4.719
Max = 6.89
===============================
Data Type: ANGULAR-VELOCITY
Data List: []
Total = 4.69
Count = 10
Avg = 0.469
Max = 0.98
===============================
Data Type: BAROMETRIC PRESSURE
Data List: []
Total = 10840.42
Count = 10
Avg = 1084.042
Max = 1196.96
-------------------------------------------
Time: 2018-06-05 16:46:35
-------------------------------------------

-------------------------------------------
Time: 2018-06-05 16:46:35
-------------------------------------------

-------------------------------------------
Time: 2018-06-05 16:46:35
-------------------------------------------

-------------------------------------------
Time: 2018-06-05 16:46:35
-------------------------------------------

-------------------------------------------
Time: 2018-06-05 16:46:35
-------------------------------------------

-------------------------------------------
Time: 2018-06-05 16:46:35
-------------------------------------------

-------------------------------------------
Time: 2018-06-05 16:46:35
-------------------------------------------

===============================
Data Type: G-FORCE
Data List: []
Total = 47.19
Count = 10
Avg = 4.719
Max = 6.89
===============================
Data Type: ANGULAR-VELOCITY
Data List: []
Total = 4.69
Count = 10
Avg = 0.469
Max = 0.98
===============================
Data Type: BAROMETRIC PRESSURE
Data List: []
Total = 10840.42
Count = 10
Avg = 1084.042
Max = 1196.96
-------------------------------------------
Time: 2018-06-05 16:46:40
-------------------------------------------
"g-force":5.99,
"g-force":0.39,
"g-force":1.62,
"g-force":3.90,
"g-force":2.34,
"g-force":3.80,
"g-force":4.02,
"g-force":5.06,
"g-force":5.69,
"g-force":0.66,

-------------------------------------------
Time: 2018-06-05 16:46:40
-------------------------------------------
"angular-velocity":0.77,
"angular-velocity":0.41,
"angular-velocity":0.59,
"angular-velocity":0.73,
"angular-velocity":0.90,
"angular-velocity":0.51,
"angular-velocity":0.62,
"angular-velocity":0.38,
"angular-velocity":0.18,
"angular-velocity":0.88,

-------------------------------------------
Time: 2018-06-05 16:46:40
-------------------------------------------
"barometric-pressure":1176.34
"barometric-pressure":1100.77
"barometric-pressure":1094.85
"barometric-pressure":1157.35
"barometric-pressure":1064.95
"barometric-pressure":1141.52
"barometric-pressure":1067.24
"barometric-pressure":1041.85
"barometric-pressure":1188.43
"barometric-pressure":1096.56

-------------------------------------------
Time: 2018-06-05 16:46:40
-------------------------------------------
Total Count of Msgs: 10

-------------------------------------------
Time: 2018-06-05 16:46:40
-------------------------------------------
0.39
0.66
1.62
2.34
3.80
3.90
4.02
5.06
5.69
5.99

-------------------------------------------
Time: 2018-06-05 16:46:40
-------------------------------------------
0.18
0.38
0.41
0.51
0.59
0.62
0.73
0.77
0.88
0.90

-------------------------------------------
Time: 2018-06-05 16:46:40
-------------------------------------------
1041.85
1064.95
1067.24
1094.85
1096.56
1100.77
1141.52
1157.35
1176.34
1188.43

===============================
Data Type: G-FORCE
Data List: [u'5.99', u'0.39', u'1.62', u'3.90', u'2.34', u'3.80', u'4.02', u'5.06', u'5.69', u'0.66']
Total = 80.66
Count = 20
Avg = 4.033
Max = 6.89
===============================
Data Type: ANGULAR-VELOCITY
Data List: [u'0.77', u'0.41', u'0.59', u'0.73', u'0.90', u'0.51', u'0.62', u'0.38', u'0.18', u'0.88']
Total = 10.66
Count = 20
Avg = 0.533
Max = 0.98
===============================
Data Type: BAROMETRIC PRESSURE
Data List: [u'1176.34', u'1100.77', u'1094.85', u'1157.35', u'1064.95', u'1141.52', u'1067.24', u'1041.85', u'1188.43', u'1096.56']
Total = 21970.28
Count = 20
Avg = 1098.514
Max = 1196.96
-------------------------------------------
Time: 2018-06-05 16:46:45
-------------------------------------------

-------------------------------------------
Time: 2018-06-05 16:46:45
-------------------------------------------

-------------------------------------------
Time: 2018-06-05 16:46:45
-------------------------------------------

-------------------------------------------
Time: 2018-06-05 16:46:45
-------------------------------------------

-------------------------------------------
Time: 2018-06-05 16:46:45
-------------------------------------------

-------------------------------------------
Time: 2018-06-05 16:46:45
-------------------------------------------

-------------------------------------------
Time: 2018-06-05 16:46:45
-------------------------------------------

===============================
Data Type: G-FORCE
Data List: []
Total = 80.66
Count = 20
Avg = 4.033
Max = 6.89
===============================
Data Type: ANGULAR-VELOCITY
Data List: []
Total = 10.66
Count = 20
Avg = 0.533
Max = 0.98
===============================
Data Type: BAROMETRIC PRESSURE
Data List: []
Total = 21970.28
Count = 20
Avg = 1098.514
Max = 1196.96
-------------------------------------------
Time: 2018-06-05 16:46:50
-------------------------------------------

-------------------------------------------
Time: 2018-06-05 16:46:50
-------------------------------------------

-------------------------------------------
Time: 2018-06-05 16:46:50
-------------------------------------------

-------------------------------------------
Time: 2018-06-05 16:46:50
-------------------------------------------

-------------------------------------------
Time: 2018-06-05 16:46:50
-------------------------------------------

-------------------------------------------
Time: 2018-06-05 16:46:50
-------------------------------------------

-------------------------------------------
Time: 2018-06-05 16:46:50
-------------------------------------------

===============================
Data Type: G-FORCE
Data List: []
Total = 80.66
Count = 20
Avg = 4.033
Max = 6.89
===============================
Data Type: ANGULAR-VELOCITY
Data List: []
Total = 10.66
Count = 20
Avg = 0.533
Max = 0.98
===============================
Data Type: BAROMETRIC PRESSURE
Data List: []
Total = 21970.28
Count = 20
Avg = 1098.514
Max = 1196.96
-------------------------------------------
Time: 2018-06-05 16:46:55
-------------------------------------------
"g-force":2.16,
"g-force":0.48,
"g-force":5.48,
"g-force":0.43,
"g-force":5.90,
"g-force":2.88,
"g-force":5.92,
"g-force":0.32,
"g-force":0.91,
"g-force":1.59,

-------------------------------------------
Time: 2018-06-05 16:46:55
-------------------------------------------
"angular-velocity":0.38,
"angular-velocity":0.74,
"angular-velocity":0.45,
"angular-velocity":0.67,
"angular-velocity":0.63,
"angular-velocity":0.09,
"angular-velocity":0.41,
"angular-velocity":0.35,
"angular-velocity":0.58,
"angular-velocity":0.01,

-------------------------------------------
Time: 2018-06-05 16:46:55
-------------------------------------------
"barometric-pressure":1183.63
"barometric-pressure":1056.83
"barometric-pressure":1108.18
"barometric-pressure":1049.66
"barometric-pressure":1041.21
"barometric-pressure":1137.51
"barometric-pressure":1064.58
"barometric-pressure":1117.70
"barometric-pressure":1021.27
"barometric-pressure":1108.30

-------------------------------------------
Time: 2018-06-05 16:46:55
-------------------------------------------
Total Count of Msgs: 10

-------------------------------------------
Time: 2018-06-05 16:46:55
-------------------------------------------
0.32
0.43
0.48
0.91
1.59
2.16
2.88
5.48
5.90
5.92

-------------------------------------------
Time: 2018-06-05 16:46:55
-------------------------------------------
0.01
0.09
0.35
0.38
0.41
0.45
0.58
0.63
0.67
0.74

-------------------------------------------
Time: 2018-06-05 16:46:55
-------------------------------------------
1021.27
1041.21
1049.66
1056.83
1064.58
1108.18
1108.30
1117.70
1137.51
1183.63

===============================
Data Type: G-FORCE
Data List: [u'2.16', u'0.48', u'5.48', u'0.43', u'5.90', u'2.88', u'5.92', u'0.32', u'0.91', u'1.59']
Total = 106.73
Count = 30
Avg = 3.55766666667
Max = 6.89
===============================
Data Type: ANGULAR-VELOCITY
Data List: [u'0.38', u'0.74', u'0.45', u'0.67', u'0.63', u'0.09', u'0.41', u'0.35', u'0.58', u'0.01']
Total = 14.97
Count = 30
Avg = 0.499
Max = 0.98
===============================
Data Type: BAROMETRIC PRESSURE
Data List: [u'1183.63', u'1056.83', u'1108.18', u'1049.66', u'1041.21', u'1137.51', u'1064.58', u'1117.70', u'1021.27', u'1108.30']
Total = 32859.15
Count = 30
Avg = 1095.305
Max = 1196.96
-------------------------------------------
Time: 2018-06-05 16:47:00
-------------------------------------------

-------------------------------------------
Time: 2018-06-05 16:47:00
-------------------------------------------

-------------------------------------------
Time: 2018-06-05 16:47:00
-------------------------------------------

-------------------------------------------
Time: 2018-06-05 16:47:00
-------------------------------------------

-------------------------------------------
Time: 2018-06-05 16:47:00
-------------------------------------------

-------------------------------------------
Time: 2018-06-05 16:47:00
-------------------------------------------

-------------------------------------------
Time: 2018-06-05 16:47:00
-------------------------------------------

===============================
Data Type: G-FORCE
Data List: []
Total = 106.73
Count = 30
Avg = 3.55766666667
Max = 6.89
===============================
Data Type: ANGULAR-VELOCITY
Data List: []
Total = 14.97
Count = 30
Avg = 0.499
Max = 0.98
===============================
Data Type: BAROMETRIC PRESSURE
Data List: []
Total = 32859.15
Count = 30
Avg = 1095.305
Max = 1196.96
-------------------------------------------
Time: 2018-06-05 16:47:05
-------------------------------------------
"g-force":0.65,
"g-force":2.49,
"g-force":4.76,
"g-force":3.99,
"g-force":0.66,
"g-force":4.45,
"g-force":5.01,
"g-force":6.08,
"g-force":1.37,
"g-force":0.09,

-------------------------------------------
Time: 2018-06-05 16:47:05
-------------------------------------------
"angular-velocity":0.34,
"angular-velocity":0.30,
"angular-velocity":0.94,
"angular-velocity":0.36,
"angular-velocity":0.56,
"angular-velocity":0.11,
"angular-velocity":0.46,
"angular-velocity":0.90,
"angular-velocity":0.74,
"angular-velocity":0.03,

-------------------------------------------
Time: 2018-06-05 16:47:05
-------------------------------------------
"barometric-pressure":1017.97
"barometric-pressure":1077.19
"barometric-pressure":1156.74
"barometric-pressure":1006.11
"barometric-pressure":1043.30
"barometric-pressure":1193.65
"barometric-pressure":1014.51
"barometric-pressure":1026.79
"barometric-pressure":1140.92
"barometric-pressure":1045.67

-------------------------------------------
Time: 2018-06-05 16:47:05
-------------------------------------------
Total Count of Msgs: 10

-------------------------------------------
Time: 2018-06-05 16:47:05
-------------------------------------------
0.09
0.65
0.66
1.37
2.49
3.99
4.45
4.76
5.01
6.08

-------------------------------------------
Time: 2018-06-05 16:47:05
-------------------------------------------
0.03
0.11
0.30
0.34
0.36
0.46
0.56
0.74
0.90
0.94

-------------------------------------------
Time: 2018-06-05 16:47:05
-------------------------------------------
1006.11
1014.51
1017.97
1026.79
1043.30
1045.67
1077.19
1140.92
1156.74
1193.65

===============================
Data Type: G-FORCE
Data List: [u'0.65', u'2.49', u'4.76', u'3.99', u'0.66', u'4.45', u'5.01', u'6.08', u'1.37', u'0.09']
Total = 136.28
Count = 40
Avg = 3.407
Max = 6.89
===============================
Data Type: ANGULAR-VELOCITY
Data List: [u'0.34', u'0.30', u'0.94', u'0.36', u'0.56', u'0.11', u'0.46', u'0.90', u'0.74', u'0.03']
Total = 19.71
Count = 40
Avg = 0.49275
Max = 0.98
===============================
Data Type: BAROMETRIC PRESSURE
Data List: [u'1017.97', u'1077.19', u'1156.74', u'1006.11', u'1043.30', u'1193.65', u'1014.51', u'1026.79', u'1140.92', u'1045.67']
Total = 43582.0
Count = 40
Avg = 1089.55
Max = 1196.96
-------------------------------------------
Time: 2018-06-05 16:47:10
-------------------------------------------

-------------------------------------------
Time: 2018-06-05 16:47:10
-------------------------------------------

-------------------------------------------
Time: 2018-06-05 16:47:10
-------------------------------------------

-------------------------------------------
Time: 2018-06-05 16:47:10
-------------------------------------------

-------------------------------------------
Time: 2018-06-05 16:47:10
-------------------------------------------

-------------------------------------------
Time: 2018-06-05 16:47:10
-------------------------------------------

-------------------------------------------
Time: 2018-06-05 16:47:10
-------------------------------------------

===============================
Data Type: G-FORCE
Data List: []
Total = 136.28
Count = 40
Avg = 3.407
Max = 6.89
===============================
Data Type: ANGULAR-VELOCITY
Data List: []
Total = 19.71
Count = 40
Avg = 0.49275
Max = 0.98
===============================
Data Type: BAROMETRIC PRESSURE
Data List: []
Total = 43582.0
Count = 40
Avg = 1089.55
Max = 1196.96
-------------------------------------------
Time: 2018-06-05 16:47:15
-------------------------------------------
"g-force":0.94,
"g-force":0.44,
"g-force":3.90,
"g-force":6.70,
"g-force":3.29,
"g-force":3.80,
"g-force":4.10,
"g-force":4.68,
"g-force":2.05,
"g-force":5.52,

-------------------------------------------
Time: 2018-06-05 16:47:15
-------------------------------------------
"angular-velocity":0.19,
"angular-velocity":0.62,
"angular-velocity":0.24,
"angular-velocity":0.91,
"angular-velocity":0.46,
"angular-velocity":0.36,
"angular-velocity":0.19,
"angular-velocity":0.22,
"angular-velocity":0.07,
"angular-velocity":0.40,

-------------------------------------------
Time: 2018-06-05 16:47:15
-------------------------------------------
"barometric-pressure":1014.12
"barometric-pressure":1021.59
"barometric-pressure":1181.29
"barometric-pressure":1136.01
"barometric-pressure":1035.80
"barometric-pressure":1160.95
"barometric-pressure":1074.19
"barometric-pressure":1100.27
"barometric-pressure":1053.12
"barometric-pressure":1002.13

-------------------------------------------
Time: 2018-06-05 16:47:15
-------------------------------------------
Total Count of Msgs: 10

-------------------------------------------
Time: 2018-06-05 16:47:15
-------------------------------------------
0.44
0.94
2.05
3.29
3.80
3.90
4.10
4.68
5.52
6.70

-------------------------------------------
Time: 2018-06-05 16:47:15
-------------------------------------------
0.07
0.19
0.19
0.22
0.24
0.36
0.40
0.46
0.62
0.91

-------------------------------------------
Time: 2018-06-05 16:47:15
-------------------------------------------
1002.13
1014.12
1021.59
1035.80
1053.12
1074.19
1100.27
1136.01
1160.95
1181.29

===============================
Data Type: G-FORCE
Data List: [u'0.94', u'0.44', u'3.90', u'6.70', u'3.29', u'3.80', u'4.10', u'4.68', u'2.05', u'5.52']
Total = 171.7
Count = 50
Avg = 3.434
Max = 6.89
===============================
Data Type: ANGULAR-VELOCITY
Data List: [u'0.19', u'0.62', u'0.24', u'0.91', u'0.46', u'0.36', u'0.19', u'0.22', u'0.07', u'0.40']
Total = 23.37
Count = 50
Avg = 0.4674
Max = 0.98
===============================
Data Type: BAROMETRIC PRESSURE
Data List: [u'1014.12', u'1021.59', u'1181.29', u'1136.01', u'1035.80', u'1160.95', u'1074.19', u'1100.27', u'1053.12', u'1002.13']
Total = 54361.47
Count = 50
Avg = 1087.2294
Max = 1196.96
-------------------------------------------
Time: 2018-06-05 16:47:20
-------------------------------------------

-------------------------------------------
Time: 2018-06-05 16:47:20
-------------------------------------------

-------------------------------------------
Time: 2018-06-05 16:47:20
-------------------------------------------

-------------------------------------------
Time: 2018-06-05 16:47:20
-------------------------------------------

-------------------------------------------
Time: 2018-06-05 16:47:20
-------------------------------------------

-------------------------------------------
Time: 2018-06-05 16:47:20
-------------------------------------------

-------------------------------------------
Time: 2018-06-05 16:47:20
-------------------------------------------

===============================
Data Type: G-FORCE
Data List: []
Total = 171.7
Count = 50
Avg = 3.434
Max = 6.89
===============================
Data Type: ANGULAR-VELOCITY
Data List: []
Total = 23.37
Count = 50
Avg = 0.4674
Max = 0.98
===============================
Data Type: BAROMETRIC PRESSURE
Data List: []
Total = 54361.47
Count = 50
Avg = 1087.2294
Max = 1196.96
-------------------------------------------
Time: 2018-06-05 16:47:25
-------------------------------------------
"g-force":3.15,
"g-force":3.16,
"g-force":5.09,
"g-force":5.56,
"g-force":4.41,
"g-force":4.73,
"g-force":2.89,
"g-force":1.76,
"g-force":3.94,
"g-force":4.75,

-------------------------------------------
Time: 2018-06-05 16:47:25
-------------------------------------------
"angular-velocity":0.12,
"angular-velocity":0.36,
"angular-velocity":0.33,
"angular-velocity":0.82,
"angular-velocity":0.38,
"angular-velocity":0.49,
"angular-velocity":0.61,
"angular-velocity":0.08,
"angular-velocity":0.34,
"angular-velocity":0.39,

-------------------------------------------
Time: 2018-06-05 16:47:25
-------------------------------------------
"barometric-pressure":1103.00
"barometric-pressure":1170.19
"barometric-pressure":1023.74
"barometric-pressure":1085.09
"barometric-pressure":1150.00
"barometric-pressure":1122.47
"barometric-pressure":1132.32
"barometric-pressure":1093.80
"barometric-pressure":1184.41
"barometric-pressure":1151.26

-------------------------------------------
Time: 2018-06-05 16:47:25
-------------------------------------------
Total Count of Msgs: 10

-------------------------------------------
Time: 2018-06-05 16:47:25
-------------------------------------------
1.76
2.89
3.15
3.16
3.94
4.41
4.73
4.75
5.09
5.56

-------------------------------------------
Time: 2018-06-05 16:47:25
-------------------------------------------
0.08
0.12
0.33
0.34
0.36
0.38
0.39
0.49
0.61
0.82

-------------------------------------------
Time: 2018-06-05 16:47:25
-------------------------------------------
1023.74
1085.09
1093.80
1103.00
1122.47
1132.32
1150.00
1151.26
1170.19
1184.41

===============================
Data Type: G-FORCE
Data List: [u'3.15', u'3.16', u'5.09', u'5.56', u'4.41', u'4.73', u'2.89', u'1.76', u'3.94', u'4.75']
Total = 211.14
Count = 60
Avg = 3.519
Max = 6.89
===============================
Data Type: ANGULAR-VELOCITY
Data List: [u'0.12', u'0.36', u'0.33', u'0.82', u'0.38', u'0.49', u'0.61', u'0.08', u'0.34', u'0.39']
Total = 27.29
Count = 60
Avg = 0.454833333333
Max = 0.98
===============================
Data Type: BAROMETRIC PRESSURE
Data List: [u'1103.00', u'1170.19', u'1023.74', u'1085.09', u'1150.00', u'1122.47', u'1132.32', u'1093.80', u'1184.41', u'1151.26']
Total = 65577.75
Count = 60
Avg = 1092.9625
Max = 1196.96
-------------------------------------------
Time: 2018-06-05 16:47:30
-------------------------------------------

-------------------------------------------
Time: 2018-06-05 16:47:30
-------------------------------------------

-------------------------------------------
Time: 2018-06-05 16:47:30
-------------------------------------------

-------------------------------------------
Time: 2018-06-05 16:47:30
-------------------------------------------

-------------------------------------------
Time: 2018-06-05 16:47:30
-------------------------------------------

-------------------------------------------
Time: 2018-06-05 16:47:30
-------------------------------------------

-------------------------------------------
Time: 2018-06-05 16:47:30
-------------------------------------------

===============================
Data Type: G-FORCE
Data List: []
Total = 211.14
Count = 60
Avg = 3.519
Max = 6.89
===============================
Data Type: ANGULAR-VELOCITY
Data List: []
Total = 27.29
Count = 60
Avg = 0.454833333333
Max = 0.98
===============================
Data Type: BAROMETRIC PRESSURE
Data List: []
Total = 65577.75
Count = 60
Avg = 1092.9625
Max = 1196.96
-------------------------------------------
Time: 2018-06-05 16:47:35
-------------------------------------------

-------------------------------------------
Time: 2018-06-05 16:47:35
-------------------------------------------

-------------------------------------------
Time: 2018-06-05 16:47:35
-------------------------------------------

-------------------------------------------
Time: 2018-06-05 16:47:35
-------------------------------------------

-------------------------------------------
Time: 2018-06-05 16:47:35
-------------------------------------------

-------------------------------------------
Time: 2018-06-05 16:47:35
-------------------------------------------

-------------------------------------------
Time: 2018-06-05 16:47:35
-------------------------------------------

===============================
Data Type: G-FORCE
Data List: []
Total = 211.14
Count = 60
Avg = 3.519
Max = 6.89
===============================
Data Type: ANGULAR-VELOCITY
Data List: []
Total = 27.29
Count = 60
Avg = 0.454833333333
Max = 0.98
===============================
Data Type: BAROMETRIC PRESSURE
Data List: []
Total = 65577.75
Count = 60
Avg = 1092.9625
Max = 1196.96
-------------------------------------------
Time: 2018-06-05 16:47:40
-------------------------------------------

-------------------------------------------
Time: 2018-06-05 16:47:40
-------------------------------------------

-------------------------------------------
Time: 2018-06-05 16:47:40
-------------------------------------------

-------------------------------------------
Time: 2018-06-05 16:47:40
-------------------------------------------

-------------------------------------------
Time: 2018-06-05 16:47:40
-------------------------------------------

-------------------------------------------
Time: 2018-06-05 16:47:40
-------------------------------------------

-------------------------------------------
Time: 2018-06-05 16:47:40
-------------------------------------------

===============================
Data Type: G-FORCE
Data List: []
Total = 211.14
Count = 60
Avg = 3.519
Max = 6.89
===============================
Data Type: ANGULAR-VELOCITY
Data List: []
Total = 27.29
Count = 60
Avg = 0.454833333333
Max = 0.98
===============================
Data Type: BAROMETRIC PRESSURE
Data List: []
Total = 65577.75
Count = 60
Avg = 1092.9625
Max = 1196.96
-------------------------------------------
Time: 2018-06-05 16:47:45
-------------------------------------------

-------------------------------------------
Time: 2018-06-05 16:47:45
-------------------------------------------

-------------------------------------------
Time: 2018-06-05 16:47:45
-------------------------------------------

-------------------------------------------
Time: 2018-06-05 16:47:45
-------------------------------------------

-------------------------------------------
Time: 2018-06-05 16:47:45
-------------------------------------------

-------------------------------------------
Time: 2018-06-05 16:47:45
-------------------------------------------

-------------------------------------------
Time: 2018-06-05 16:47:45
-------------------------------------------

===============================
Data Type: G-FORCE
Data List: []
Total = 211.14
Count = 60
Avg = 3.519
Max = 6.89
===============================
Data Type: ANGULAR-VELOCITY
Data List: []
Total = 27.29
Count = 60
Avg = 0.454833333333
Max = 0.98
===============================
Data Type: BAROMETRIC PRESSURE
Data List: []
Total = 65577.75
Count = 60
Avg = 1092.9625
Max = 1196.96
-------------------------------------------
Time: 2018-06-05 16:47:50
-------------------------------------------

-------------------------------------------
Time: 2018-06-05 16:47:50
-------------------------------------------

-------------------------------------------
Time: 2018-06-05 16:47:50
-------------------------------------------

-------------------------------------------
Time: 2018-06-05 16:47:50
-------------------------------------------

-------------------------------------------
Time: 2018-06-05 16:47:50
-------------------------------------------

-------------------------------------------
Time: 2018-06-05 16:47:50
-------------------------------------------

-------------------------------------------
Time: 2018-06-05 16:47:50
-------------------------------------------

===============================
Data Type: G-FORCE
Data List: []
Total = 211.14
Count = 60
Avg = 3.519
Max = 6.89
===============================
Data Type: ANGULAR-VELOCITY
Data List: []
Total = 27.29
Count = 60
Avg = 0.454833333333
Max = 0.98
===============================
Data Type: BAROMETRIC PRESSURE
Data List: []
Total = 65577.75
Count = 60
Avg = 1092.9625
Max = 1196.96
-------------------------------------------
Time: 2018-06-05 16:47:55
-------------------------------------------
"g-force":5.53,
"g-force":4.90,
"g-force":0.83,
"g-force":6.34,
"g-force":4.02,
"g-force":6.50,
"g-force":4.83,
"g-force":6.59,
"g-force":2.52,
"g-force":0.50,
"g-force":1.22,
"g-force":2.72,
"g-force":2.91,
"g-force":5.10,
"g-force":4.38,
"g-force":5.49,
"g-force":5.45,
"g-force":5.55,
"g-force":2.90,
"g-force":4.68,
"g-force":2.62,
"g-force":6.13,
"g-force":2.82,
"g-force":6.32,
"g-force":4.45,
"g-force":2.27,
"g-force":3.85,
"g-force":0.70,
"g-force":5.12,
"g-force":5.45,
"g-force":0.21,
"g-force":2.09,
"g-force":0.92,
"g-force":2.95,
"g-force":2.02,
"g-force":1.61,
"g-force":2.66,
"g-force":1.23,
"g-force":1.24,
"g-force":2.60,
"g-force":3.20,
"g-force":2.34,
"g-force":4.08,
"g-force":5.53,
"g-force":3.61,
"g-force":0.90,
"g-force":1.73,
"g-force":4.84,
"g-force":5.37,
"g-force":4.96,
"g-force":2.05,
"g-force":5.20,
"g-force":3.84,
"g-force":0.85,
"g-force":5.59,
"g-force":2.56,
"g-force":1.29,
"g-force":5.80,
"g-force":5.34,
"g-force":3.52,

-------------------------------------------
Time: 2018-06-05 16:47:55
-------------------------------------------
"angular-velocity":0.63,
"angular-velocity":0.43,
"angular-velocity":0.84,
"angular-velocity":0.09,
"angular-velocity":0.12,
"angular-velocity":0.51,
"angular-velocity":0.02,
"angular-velocity":0.73,
"angular-velocity":0.69,
"angular-velocity":0.56,
"angular-velocity":0.81,
"angular-velocity":0.64,
"angular-velocity":0.72,
"angular-velocity":0.63,
"angular-velocity":0.58,
"angular-velocity":0.53,
"angular-velocity":0.41,
"angular-velocity":0.62,
"angular-velocity":0.99,
"angular-velocity":0.89,
"angular-velocity":0.17,
"angular-velocity":0.85,
"angular-velocity":0.83,
"angular-velocity":0.11,
"angular-velocity":0.17,
"angular-velocity":0.11,
"angular-velocity":0.47,
"angular-velocity":0.97,
"angular-velocity":0.33,
"angular-velocity":0.61,
"angular-velocity":0.73,
"angular-velocity":0.97,
"angular-velocity":0.91,
"angular-velocity":0.23,
"angular-velocity":0.54,
"angular-velocity":0.07,
"angular-velocity":0.15,
"angular-velocity":0.91,
"angular-velocity":0.12,
"angular-velocity":0.35,
"angular-velocity":0.40,
"angular-velocity":0.62,
"angular-velocity":0.60,
"angular-velocity":0.36,
"angular-velocity":0.10,
"angular-velocity":0.89,
"angular-velocity":0.50,
"angular-velocity":0.16,
"angular-velocity":0.92,
"angular-velocity":0.33,
"angular-velocity":0.06,
"angular-velocity":0.72,
"angular-velocity":0.86,
"angular-velocity":0.43,
"angular-velocity":0.84,
"angular-velocity":0.33,
"angular-velocity":0.55,
"angular-velocity":0.83,
"angular-velocity":0.19,
"angular-velocity":0.02,

-------------------------------------------
Time: 2018-06-05 16:47:55
-------------------------------------------
"barometric-pressure":1134.84
"barometric-pressure":1024.91
"barometric-pressure":1132.63
"barometric-pressure":1006.06
"barometric-pressure":1070.05
"barometric-pressure":1141.77
"barometric-pressure":1004.65
"barometric-pressure":1147.47
"barometric-pressure":1107.84
"barometric-pressure":1104.33
"barometric-pressure":1107.52
"barometric-pressure":1163.27
"barometric-pressure":1099.89
"barometric-pressure":1050.24
"barometric-pressure":1177.56
"barometric-pressure":1023.70
"barometric-pressure":1119.60
"barometric-pressure":1165.57
"barometric-pressure":1129.57
"barometric-pressure":1193.74
"barometric-pressure":1051.65
"barometric-pressure":1134.31
"barometric-pressure":1102.98
"barometric-pressure":1066.18
"barometric-pressure":1150.57
"barometric-pressure":1167.41
"barometric-pressure":1109.00
"barometric-pressure":1096.20
"barometric-pressure":1171.54
"barometric-pressure":1047.72
"barometric-pressure":1036.66
"barometric-pressure":1013.64
"barometric-pressure":1041.51
"barometric-pressure":1003.38
"barometric-pressure":1075.77
"barometric-pressure":1171.88
"barometric-pressure":1004.95
"barometric-pressure":1126.45
"barometric-pressure":1017.04
"barometric-pressure":1102.22
"barometric-pressure":1178.36
"barometric-pressure":1052.87
"barometric-pressure":1004.22
"barometric-pressure":1074.02
"barometric-pressure":1069.97
"barometric-pressure":1033.71
"barometric-pressure":1039.66
"barometric-pressure":1081.46
"barometric-pressure":1038.32
"barometric-pressure":1007.21
"barometric-pressure":1155.89
"barometric-pressure":1091.78
"barometric-pressure":1021.43
"barometric-pressure":1020.56
"barometric-pressure":1098.98
"barometric-pressure":1126.18
"barometric-pressure":1118.11
"barometric-pressure":1104.61
"barometric-pressure":1102.19
"barometric-pressure":1190.21

-------------------------------------------
Time: 2018-06-05 16:47:55
-------------------------------------------
Total Count of Msgs: 60

-------------------------------------------
Time: 2018-06-05 16:47:55
-------------------------------------------
0.21
0.50
0.70
0.83
0.85
0.90
0.92
1.22
1.23
1.24
1.29
1.61
1.73
2.02
2.05
2.09
2.27
2.34
2.52
2.56
2.60
2.62
2.66
2.72
2.82
2.90
2.91
2.95
3.20
3.52
3.61
3.84
3.85
4.02
4.08
4.38
4.45
4.68
4.83
4.84
4.90
4.96
5.10
5.12
5.20
5.34
5.37
5.45
5.45
5.49
5.53
5.53
5.55
5.59
5.80
6.13
6.32
6.34
6.50
6.59

-------------------------------------------
Time: 2018-06-05 16:47:55
-------------------------------------------
0.02
0.02
0.06
0.07
0.09
0.10
0.11
0.11
0.12
0.12
0.15
0.16
0.17
0.17
0.19
0.23
0.33
0.33
0.33
0.35
0.36
0.40
0.41
0.43
0.43
0.47
0.50
0.51
0.53
0.54
0.55
0.56
0.58
0.60
0.61
0.62
0.62
0.63
0.63
0.64
0.69
0.72
0.72
0.73
0.73
0.81
0.83
0.83
0.84
0.84
0.85
0.86
0.89
0.89
0.91
0.91
0.92
0.97
0.97
0.99

-------------------------------------------
Time: 2018-06-05 16:47:55
-------------------------------------------
1003.38
1004.22
1004.65
1004.95
1006.06
1007.21
1013.64
1017.04
1020.56
1021.43
1023.70
1024.91
1033.71
1036.66
1038.32
1039.66
1041.51
1047.72
1050.24
1051.65
1052.87
1066.18
1069.97
1070.05
1074.02
1075.77
1081.46
1091.78
1096.20
1098.98
1099.89
1102.19
1102.22
1102.98
1104.33
1104.61
1107.52
1107.84
1109.00
1118.11
1119.60
1126.18
1126.45
1129.57
1132.63
1134.31
1134.84
1141.77
1147.47
1150.57
1155.89
1163.27
1165.57
1167.41
1171.54
1171.88
1177.56
1178.36
1190.21
1193.74

===============================
Data Type: G-FORCE
Data List: [u'5.53', u'4.90', u'0.83', u'6.34', u'4.02', u'6.50', u'4.83', u'6.59', u'2.52', u'0.50', u'1.22', u'2.72', u'2.91', u'5.10', u'4.38', u'5.49', u'5.45', u'5.55', u'2.90', u'4.68', u'2.62', u'6.13', u'2.82', u'6.32', u'4.45', u'2.27', u'3.85', u'0.70', u'5.12', u'5.45', u'0.21', u'2.09', u'0.92', u'2.95', u'2.02', u'1.61', u'2.66', u'1.23', u'1.24', u'2.60', u'3.20', u'2.34', u'4.08', u'5.53', u'3.61', u'0.90', u'1.73', u'4.84', u'5.37', u'4.96', u'2.05', u'5.20', u'3.84', u'0.85', u'5.59', u'2.56', u'1.29', u'5.80', u'5.34', u'3.52']
Total = 423.96
Count = 120
Avg = 3.533
Max = 6.89
===============================
Data Type: ANGULAR-VELOCITY
Data List: [u'0.63', u'0.43', u'0.84', u'0.09', u'0.12', u'0.51', u'0.02', u'0.73', u'0.69', u'0.56', u'0.81', u'0.64', u'0.72', u'0.63', u'0.58', u'0.53', u'0.41', u'0.62', u'0.99', u'0.89', u'0.17', u'0.85', u'0.83', u'0.11', u'0.17', u'0.11', u'0.47', u'0.97', u'0.33', u'0.61', u'0.73', u'0.97', u'0.91', u'0.23', u'0.54', u'0.07', u'0.15', u'0.91', u'0.12', u'0.35', u'0.40', u'0.62', u'0.60', u'0.36', u'0.10', u'0.89', u'0.50', u'0.16', u'0.92', u'0.33', u'0.06', u'0.72', u'0.86', u'0.43', u'0.84', u'0.33', u'0.55', u'0.83', u'0.19', u'0.02']
Total = 58.04
Count = 120
Avg = 0.483666666667
Max = 0.99
===============================
Data Type: BAROMETRIC PRESSURE
Data List: [u'1134.84', u'1024.91', u'1132.63', u'1006.06', u'1070.05', u'1141.77', u'1004.65', u'1147.47', u'1107.84', u'1104.33', u'1107.52', u'1163.27', u'1099.89', u'1050.24', u'1177.56', u'1023.70', u'1119.60', u'1165.57', u'1129.57', u'1193.74', u'1051.65', u'1134.31', u'1102.98', u'1066.18', u'1150.57', u'1167.41', u'1109.00', u'1096.20', u'1171.54', u'1047.72', u'1036.66', u'1013.64', u'1041.51', u'1003.38', u'1075.77', u'1171.88', u'1004.95', u'1126.45', u'1017.04', u'1102.22', u'1178.36', u'1052.87', u'1004.22', u'1074.02', u'1069.97', u'1033.71', u'1039.66', u'1081.46', u'1038.32', u'1007.21', u'1155.89', u'1091.78', u'1021.43', u'1020.56', u'1098.98', u'1126.18', u'1118.11', u'1104.61', u'1102.19', u'1190.21']
Total = 130983.76
Count = 120
Avg = 1091.53133333
Max = 1196.96
-------------------------------------------
Time: 2018-06-05 16:48:00
-------------------------------------------

-------------------------------------------
Time: 2018-06-05 16:48:00
-------------------------------------------

-------------------------------------------
Time: 2018-06-05 16:48:00
-------------------------------------------

-------------------------------------------
Time: 2018-06-05 16:48:00
-------------------------------------------

-------------------------------------------
Time: 2018-06-05 16:48:00
-------------------------------------------

-------------------------------------------
Time: 2018-06-05 16:48:00
-------------------------------------------

-------------------------------------------
Time: 2018-06-05 16:48:00
-------------------------------------------

===============================
Data Type: G-FORCE
Data List: []
Total = 423.96
Count = 120
Avg = 3.533
Max = 6.89
===============================
Data Type: ANGULAR-VELOCITY
Data List: []
Total = 58.04
Count = 120
Avg = 0.483666666667
Max = 0.99
===============================
Data Type: BAROMETRIC PRESSURE
Data List: []
Total = 130983.76
Count = 120
Avg = 1091.53133333
Max = 1196.96
-------------------------------------------
Time: 2018-06-05 16:48:05
-------------------------------------------

-------------------------------------------
Time: 2018-06-05 16:48:05
-------------------------------------------

-------------------------------------------
Time: 2018-06-05 16:48:05
-------------------------------------------

-------------------------------------------
Time: 2018-06-05 16:48:05
-------------------------------------------

-------------------------------------------
Time: 2018-06-05 16:48:05
-------------------------------------------

-------------------------------------------
Time: 2018-06-05 16:48:05
-------------------------------------------

-------------------------------------------
Time: 2018-06-05 16:48:05
-------------------------------------------

===============================
Data Type: G-FORCE
Data List: []
Total = 423.96
Count = 120
Avg = 3.533
Max = 6.89
===============================
Data Type: ANGULAR-VELOCITY
Data List: []
Total = 58.04
Count = 120
Avg = 0.483666666667
Max = 0.99
===============================
Data Type: BAROMETRIC PRESSURE
Data List: []
Total = 130983.76
Count = 120
Avg = 1091.53133333
Max = 1196.96
-------------------------------------------
Time: 2018-06-05 16:48:10
-------------------------------------------

-------------------------------------------
Time: 2018-06-05 16:48:10
-------------------------------------------

-------------------------------------------
Time: 2018-06-05 16:48:10
-------------------------------------------

-------------------------------------------
Time: 2018-06-05 16:48:10
-------------------------------------------

-------------------------------------------
Time: 2018-06-05 16:48:10
-------------------------------------------

-------------------------------------------
Time: 2018-06-05 16:48:10
-------------------------------------------

-------------------------------------------
Time: 2018-06-05 16:48:10
-------------------------------------------

===============================
Data Type: G-FORCE
Data List: []
Total = 423.96
Count = 120
Avg = 3.533
Max = 6.89
===============================
Data Type: ANGULAR-VELOCITY
Data List: []
Total = 58.04
Count = 120
Avg = 0.483666666667
Max = 0.99
===============================
Data Type: BAROMETRIC PRESSURE
Data List: []
Total = 130983.76
Count = 120
Avg = 1091.53133333
Max = 1196.96
